Mon Aug 18 2014 12:03:27 GMT-0700 (PDT):
{ [Error: User Realm Discovery request returned http error: 400]
  stack: [Getter/Setter],
  __frame: 
   { name: '__1',
     line: 39,
     file: '/usr/local/lib/node_modules/azure-cli/lib/commands/login._js',
     prev: undefined,
     active: false,
     offset: 38,
     col: 31 },
  rawStack: [Getter] }
Error: User Realm Discovery request returned http error: 400
    at Logger.createError (/usr/local/lib/node_modules/azure-cli/node_modules/adal-node/lib/log.js:196:13)
    at Request._callback (/usr/local/lib/node_modules/azure-cli/node_modules/adal-node/lib/util.js:112:25)
    at Request.self.callback (/usr/local/lib/node_modules/azure-cli/node_modules/request/request.js:129:22)
    at Request.EventEmitter.emit (events.js:98:17)
    at Request.<anonymous> (/usr/local/lib/node_modules/azure-cli/node_modules/request/request.js:873:14)
    at Request.EventEmitter.emit (events.js:117:20)
    at IncomingMessage.<anonymous> (/usr/local/lib/node_modules/azure-cli/node_modules/request/request.js:824:12)
    at IncomingMessage.EventEmitter.emit (events.js:117:20)
    at _stream_readable.js:920:16
    at process._tickCallback (node.js:415:13)
    at __1 (/usr/local/lib/node_modules/azure-cli/lib/commands/login._js:77:31)

